<?xml version="1.0" encoding="UTF-8"?>
<!-- Generated by org.testng.reporters.JUnitReportReporter -->
<testsuite hostname="LAPTOP-KUNU7KIN" failures="0" tests="1" name="testCase.TC_004_ProductSearch" time="14.886" errors="0" timestamp="2021-04-01T10:34:14 BST" skipped="0">
  <testcase classname="testCase.TC_004_ProductSearch" name="test_searchbox" time="14.886"/>
  <system-out/>
</testsuite> <!-- testCase.TC_004_ProductSearch -->
