<?xml version="1.0" encoding="UTF-8"?>
<!-- Generated by org.testng.reporters.JUnitReportReporter -->
<testsuite hostname="LAPTOP-KUNU7KIN" failures="0" tests="1" name="testCase.TC_001_AccountRegistration" time="4.700" errors="0" timestamp="2021-03-31T23:12:44 BST" skipped="0">
  <testcase classname="testCase.TC_001_AccountRegistration" name="test_accout_Registration" time="4.700"/>
  <system-out/>
</testsuite> <!-- testCase.TC_001_AccountRegistration -->
