<?xml version="1.0" encoding="UTF-8"?>
<!-- Generated by org.testng.reporters.JUnitReportReporter -->
<testsuite hostname="LAPTOP-KUNU7KIN" failures="0" tests="1" name="testCase.TC_004_ProductSearch" time="12.598" errors="0" timestamp="2021-03-31T23:12:44 BST" skipped="0">
  <testcase classname="testCase.TC_004_ProductSearch" name="test_searchbox" time="12.598"/>
  <system-out/>
</testsuite> <!-- testCase.TC_004_ProductSearch -->
