<?xml version="1.0" encoding="UTF-8"?>
<!-- Generated by org.testng.reporters.JUnitReportReporter -->
<testsuite hostname="LAPTOP-KUNU7KIN" failures="0" tests="1" name="testCase.TC_002_Login" time="4.600" errors="0" timestamp="2021-03-31T23:12:44 BST" skipped="0">
  <testcase classname="testCase.TC_002_Login" name="test_Login" time="4.600"/>
  <system-out/>
</testsuite> <!-- testCase.TC_002_Login -->
